========== START BACKUP: Tue Jul 22 17:43:58 UTC 2025 ==========
File snapshot.file already exists
tar: Removing leading `/' from member names
tar: /home/ubuntu/local_backup/backup_20250722_174358.tar.enc: file changed as we read it
sending incremental file list
./
backup_20250722_174358.tar.enc
         32,768   0%    0.00kB/s    0:00:00      141,066,240   8%  134.50MB/s    0:00:11      217,612,288  12%  103.80MB/s    0:00:13      306,708,480  18%   97.52MB/s    0:00:13      374,341,632  22%   89.29MB/s    0:00:14      440,172,544  26%   71.31MB/s    0:00:16      497,844,224  29%   66.81MB/s    0:00:17      562,593,792  33%   60.96MB/s    0:00:17      629,178,368  37%   60.70MB/s    0:00:16      684,326,912  40%   58.18MB/s    0:00:16  rsync: [receiver] write failed on "/home/ubuntu/remote_backup/backup_20250722_174358.tar.enc": No space left on device (28)
rsync error: error in file IO (code 11) at receiver.c(381) [receiver=3.2.7]

rsync: [sender] write error: Broken pipe (32)
Problem sending data. Error code: 1.
========== BACKUP COMPLETED: Tue Jul 22 17:45:10 UTC 2025 ==========
========== START BACKUP: Tue Jul 22 17:50:46 UTC 2025 ==========
File snapshot.file already exists
tar: Removing leading `/' from member names
sending incremental file list
./
backup_20250722_175046.tar.enc
          3,648 100%    0.00kB/s    0:00:00            3,648 100%    0.00kB/s    0:00:00 (xfr#1, to-chk=1/3)
snapshot.snar
          2,408  59%    2.30MB/s    0:00:00            4,057 100%    3.87MB/s    0:00:00 (xfr#2, to-chk=0/3)

sent 5,186 bytes  received 105 bytes  3,527.33 bytes/sec
total size is 7,705  speedup is 1.46
Successfully sent all data to the remote server.
========== BACKUP COMPLETED: Tue Jul 22 17:50:47 UTC 2025 ==========
