========== START DECRYPT: Thu Jul 31 16:30:28 UTC 2025 ==========
[INFO] Starting decryption of /home/ubuntu/remote_backup/backup_20250727_171352.tar.enc ...
home/ubuntu/
home/ubuntu/.cache/
home/ubuntu/.ssh/
home/ubuntu/Backup/
home/ubuntu/Backup/.git/
home/ubuntu/Backup/.git/branches/
home/ubuntu/Backup/.git/hooks/
home/ubuntu/Backup/.git/info/
home/ubuntu/Backup/.git/logs/
home/ubuntu/Backup/.git/logs/refs/
home/ubuntu/Backup/.git/logs/refs/heads/
home/ubuntu/Backup/.git/logs/refs/remotes/
home/ubuntu/Backup/.git/logs/refs/remotes/origin/
home/ubuntu/Backup/.git/objects/
home/ubuntu/Backup/.git/objects/05/
home/ubuntu/Backup/.git/objects/09/
home/ubuntu/Backup/.git/objects/0d/
home/ubuntu/Backup/.git/objects/12/
home/ubuntu/Backup/.git/objects/1e/
home/ubuntu/Backup/.git/objects/22/
home/ubuntu/Backup/.git/objects/2c/
home/ubuntu/Backup/.git/objects/36/
home/ubuntu/Backup/.git/objects/49/
home/ubuntu/Backup/.git/objects/54/
home/ubuntu/Backup/.git/objects/56/
home/ubuntu/Backup/.git/objects/61/
home/ubuntu/Backup/.git/objects/6e/
home/ubuntu/Backup/.git/objects/71/
home/ubuntu/Backup/.git/objects/73/
home/ubuntu/Backup/.git/objects/80/
home/ubuntu/Backup/.git/objects/8d/
home/ubuntu/Backup/.git/objects/a2/
home/ubuntu/Backup/.git/objects/b6/
home/ubuntu/Backup/.git/objects/c9/
home/ubuntu/Backup/.git/objects/da/
home/ubuntu/Backup/.git/objects/de/
home/ubuntu/Backup/.git/objects/e1/
home/ubuntu/Backup/.git/objects/e4/
home/ubuntu/Backup/.git/objects/ea/
home/ubuntu/Backup/.git/objects/eb/
home/ubuntu/Backup/.git/objects/ed/
home/ubuntu/Backup/.git/objects/f3/
home/ubuntu/Backup/.git/objects/fe/
home/ubuntu/Backup/.git/objects/info/
home/ubuntu/Backup/.git/objects/pack/
home/ubuntu/Backup/.git/refs/
home/ubuntu/Backup/.git/refs/heads/
home/ubuntu/Backup/.git/refs/remotes/
home/ubuntu/Backup/.git/refs/remotes/origin/
home/ubuntu/Backup/.git/refs/tags/
home/ubuntu/local_backup/
home/ubuntu/remote_backup/
home/ubuntu/Backup/backup.log
home/ubuntu/Backup/backup.sh
home/ubuntu/local_backup/backup_20250727_171315.tar.enc
home/ubuntu/local_backup/snapshot.snar
home/ubuntu/remote_backup/backup_20250727_171315.tar.enc
home/ubuntu/remote_backup/snapshot.snar
[INFO] Decryption and extraction completed successfully.
========== DECRYPT COMPLETED: Sun Jul 27 17:19:02 UTC 2025 ==========
